SF:/Users/jyothipraveengorre/workspace/projects/othella/src/game.js
FN:1,createGrid
FN:8,placeSymbolsIntoGrid
FN:18,isPositionWithinBoundary
FN:22,isSpaceOrSameSymbol
FN:26,isNextPositionSameSym
FN:31,doesContainFlippingChance
FNDA:2,createGrid
FNDA:1,placeSymbolsIntoGrid
FNDA:10,isPositionWithinBoundary
FNDA:3,isSpaceOrSameSymbol
FNDA:3,isNextPositionSameSym
FNDA:3,doesContainFlippingChance
FNF:6
FNH:6
BRDA:19,5,0,9
BRDA:19,5,1,9
BRDA:19,5,2,9
BRDA:23,6,0,2
BRDA:38,8,0,4
BRDA:41,8,1,1
BRDA:41,8,2,3
BRDA:42,8,3,1
BRDA:42,8,4,2
BRDA:43,8,5,1
BRF:10
BRH:10
DA:1,1
DA:2,3
DA:3,3
DA:4,3
DA:5,3
DA:6,1
DA:7,1
DA:8,1
DA:9,2
DA:10,2
DA:11,2
DA:12,2
DA:13,2
DA:14,2
DA:15,2
DA:16,1
DA:17,1
DA:18,1
DA:19,11
DA:20,1
DA:21,1
DA:22,1
DA:23,4
DA:24,1
DA:25,1
DA:26,1
DA:27,4
DA:28,4
DA:29,1
DA:30,1
DA:31,1
DA:32,4
DA:33,4
DA:34,4
DA:35,4
DA:36,4
DA:37,4
DA:38,4
DA:39,8
DA:40,8
DA:41,8
DA:42,8
DA:43,8
DA:44,9
DA:45,9
DA:46,9
DA:47,8
DA:48,1
DA:49,4
DA:50,1
DA:51,1
DA:52,1
DA:53,1
DA:54,1
DA:55,1
DA:56,1
DA:57,1
DA:58,1
DA:59,1
DA:60,1
DA:61,1
DA:62,1
DA:63,1
LH:63
LF:63
end_of_record
