SF:/Users/jyothipraveengorre/workspace/projects/othello/src/game.js
FN:1,createGrid
FN:8,placeSymbolsIntoGrid
FN:18,isPositionWithinBoundary
FN:22,isSpaceOrSameSymbol
FN:27,isNextPositionSameSym
FN:32,doesContainFlippingChance
FN:64,isValidPosition
FN:77,flipSymbols
FN:88,modifySymbols
FN:99,doesOccupied
FN:104,validateAndPerformOperation
FN:116,doesPlayerHasChance
FN:128,display
FN:133,takeInputFromUser
FN:137,parse
FN:143,isGameOver
FN:147,highestOccurredSymbol
FNDA:2,createGrid
FNDA:1,placeSymbolsIntoGrid
FNDA:126,isPositionWithinBoundary
FNDA:55,isSpaceOrSameSymbol
FNDA:32,isNextPositionSameSym
FNDA:71,doesContainFlippingChance
FNDA:38,isValidPosition
FNDA:6,flipSymbols
FNDA:3,modifySymbols
FNDA:41,doesOccupied
FNDA:2,validateAndPerformOperation
FNDA:3,doesPlayerHasChance
FNDA:0,display
FNDA:0,takeInputFromUser
FNDA:2,parse
FNDA:2,isGameOver
FNDA:3,highestOccurredSymbol
FNF:17
FNH:15
BRDA:19,5,0,105
BRDA:19,5,1,100
BRDA:19,5,2,86
BRDA:24,6,0,46
BRDA:28,7,0,24
BRDA:39,8,0,91
BRDA:42,8,1,36
BRDA:42,8,2,55
BRDA:43,8,3,24
BRDA:43,8,4,31
BRDA:44,8,5,11
BRDA:65,9,0,30
BRDA:65,9,1,8
BRDA:67,9,2,40
BRDA:70,9,3,4
BRDA:73,9,4,4
BRDA:81,10,0,12
BRDA:89,11,0,27
BRDA:92,11,1,5
BRDA:105,13,0,1
BRDA:109,13,1,0
BRDA:111,13,2,1
BRDA:117,14,0,9
BRDA:118,14,1,33
BRDA:119,14,2,1
BRDA:122,14,3,8
BRDA:123,14,4,2
BRDA:149,22,0,12
BRDA:150,22,1,48
BRDA:151,22,2,22
BRDA:154,22,3,26
BRDA:159,22,4,1
BRDA:159,22,5,2
BRDA:162,22,6,1
BRDA:163,22,7,1
BRF:35
BRH:34
DA:1,1
DA:2,3
DA:3,3
DA:4,3
DA:5,3
DA:6,1
DA:7,1
DA:8,1
DA:9,2
DA:10,2
DA:11,2
DA:12,2
DA:13,2
DA:14,2
DA:15,2
DA:16,1
DA:17,1
DA:18,1
DA:19,127
DA:20,1
DA:21,1
DA:22,1
DA:23,56
DA:24,56
DA:25,1
DA:26,1
DA:27,1
DA:28,33
DA:29,33
DA:30,1
DA:31,1
DA:32,1
DA:33,72
DA:34,72
DA:35,72
DA:36,72
DA:37,72
DA:38,72
DA:39,72
DA:40,163
DA:41,163
DA:42,163
DA:43,163
DA:44,163
DA:45,174
DA:46,174
DA:47,174
DA:48,163
DA:49,72
DA:50,1
DA:51,1
DA:52,1
DA:53,1
DA:54,1
DA:55,1
DA:56,1
DA:57,1
DA:58,1
DA:59,1
DA:60,1
DA:61,1
DA:62,1
DA:63,1
DA:64,1
DA:65,39
DA:66,1
DA:67,39
DA:68,79
DA:69,79
DA:70,79
DA:71,83
DA:72,83
DA:73,79
DA:74,43
DA:75,1
DA:76,1
DA:77,1
DA:78,7
DA:79,7
DA:80,1
DA:81,7
DA:82,19
DA:83,19
DA:84,19
DA:85,19
DA:86,1
DA:87,1
DA:88,1
DA:89,4
DA:90,31
DA:91,31
DA:92,31
DA:93,36
DA:94,36
DA:95,36
DA:96,31
DA:97,1
DA:98,1
DA:99,1
DA:100,42
DA:101,42
DA:102,1
DA:103,1
DA:104,1
DA:105,3
DA:106,4
DA:107,4
DA:108,1
DA:109,0
DA:110,0
DA:111,0
DA:112,4
DA:113,4
DA:114,1
DA:115,1
DA:116,1
DA:117,4
DA:118,13
DA:119,46
DA:120,47
DA:121,47
DA:122,46
DA:123,21
DA:124,1
DA:125,6
DA:126,1
DA:127,1
DA:128,0
DA:129,0
DA:130,0
DA:131,0
DA:132,1
DA:133,0
DA:134,0
DA:135,0
DA:136,1
DA:137,1
DA:138,3
DA:139,1
DA:140,3
DA:141,1
DA:142,1
DA:143,1
DA:144,3
DA:145,1
DA:146,1
DA:147,1
DA:148,4
DA:149,4
DA:150,16
DA:151,64
DA:152,86
DA:153,86
DA:154,64
DA:155,90
DA:156,90
DA:157,64
DA:158,16
DA:159,4
DA:160,1
DA:161,6
DA:162,4
DA:163,4
DA:164,1
DA:165,1
DA:166,1
DA:167,1
DA:168,1
DA:169,1
DA:170,1
DA:171,1
DA:172,1
DA:173,1
DA:174,1
DA:175,1
DA:176,1
DA:177,1
DA:178,1
DA:179,1
DA:180,1
DA:181,1
DA:182,1
DA:183,1
DA:184,1
DA:185,1
DA:186,1
DA:187,1
LH:177
LF:187
end_of_record
